{
  "RSpec": {
    "coverage": {
      "/Users/meredithunderell/CodeFellows/ticketee/app/models/user.rb": [
        1,
        null,
        null,
        null,
        1,
        null,
        null,
        null,
        1,
        1,
        null,
        null,
        1,
        null,
        1,
        41,
        null,
        null
      ],
      "/Users/meredithunderell/CodeFellows/ticketee/app/controllers/application_controller.rb": [
        1,
        1,
        null,
        1,
        null,
        1,
        80,
        80,
        6,
        6,
        null,
        null,
        null
      ],
      "/Users/meredithunderell/CodeFellows/ticketee/app/helpers/application_helper.rb": [
        1,
        null,
        1,
        293,
        null,
        null,
        1,
        29,
        29,
        29,
        null,
        null,
        null,
        null,
        1,
        61,
        null,
        null
      ],
      "/Users/meredithunderell/CodeFellows/ticketee/app/helpers/admin/permissions_helper.rb": [
        1,
        1,
        null,
        null,
        null,
        null,
        null,
        16,
        null,
        null
      ],
      "/Users/meredithunderell/CodeFellows/ticketee/app/helpers/admin/users_helper.rb": [
        1,
        null
      ],
      "/Users/meredithunderell/CodeFellows/ticketee/app/helpers/projects_helper.rb": [
        1,
        null
      ],
      "/Users/meredithunderell/CodeFellows/ticketee/app/helpers/tickets_helper.rb": [
        1,
        null
      ],
      "/Users/meredithunderell/CodeFellows/ticketee/app/helpers/users_helper.rb": [
        1,
        null
      ],
      "/Users/meredithunderell/CodeFellows/ticketee/app/controllers/admin/base_controller.rb": [
        1,
        null,
        1,
        null,
        1,
        null,
        null,
        null,
        null
      ],
      "/Users/meredithunderell/CodeFellows/ticketee/app/controllers/admin/permissions_controller.rb": [
        1,
        1,
        null,
        1,
        8,
        8,
        null,
        null,
        1,
        4,
        4,
        4,
        4,
        7,
        null,
        null,
        null,
        null,
        4,
        4,
        null,
        null,
        1,
        null,
        1,
        12,
        null,
        null
      ],
      "/Users/meredithunderell/CodeFellows/ticketee/app/models/permission.rb": [
        1,
        1,
        1,
        1,
        null
      ],
      "/Users/meredithunderell/CodeFellows/ticketee/app/controllers/admin/users_controller.rb": [
        1,
        null,
        1,
        null,
        1,
        18,
        null,
        null,
        1,
        3,
        null,
        null,
        1,
        3,
        3,
        2,
        2,
        null,
        1,
        1,
        null,
        null,
        null,
        1,
        null,
        null,
        null,
        1,
        null,
        null,
        null,
        1,
        3,
        3,
        3,
        3,
        null,
        null,
        3,
        2,
        2,
        null,
        1,
        1,
        null,
        null,
        null,
        1,
        2,
        1,
        null,
        1,
        1,
        null,
        null,
        2,
        null,
        null,
        null,
        null,
        1,
        null,
        1,
        17,
        null,
        null,
        null
      ],
      "/Users/meredithunderell/CodeFellows/ticketee/app/controllers/projects_controller.rb": [
        1,
        null,
        1,
        1,
        1,
        null,
        1,
        74,
        null,
        null,
        1,
        2,
        null,
        null,
        1,
        2,
        2,
        1,
        null,
        1,
        1,
        null,
        null,
        null,
        1,
        29,
        null,
        null,
        1,
        2,
        null,
        null,
        1,
        2,
        2,
        1,
        1,
        null,
        1,
        1,
        null,
        null,
        null,
        1,
        1,
        1,
        1,
        1,
        null,
        null,
        null,
        1,
        null,
        1,
        42,
        null,
        null,
        8,
        null,
        8,
        null,
        null,
        null,
        null,
        null,
        null,
        null,
        null,
        null,
        null,
        null,
        null,
        null,
        null,
        null,
        null,
        null,
        null,
        null,
        null,
        null,
        null,
        null
      ],
      "/Users/meredithunderell/CodeFellows/ticketee/app/models/project.rb": [
        1,
        1,
        null,
        1,
        1,
        1,
        null,
        1,
        null,
        1,
        null,
        1,
        null,
        1,
        97,
        null,
        null,
        null,
        1,
        154,
        null,
        null
      ],
      "/Users/meredithunderell/CodeFellows/ticketee/app/controllers/registrations_controller.rb": [
        1,
        null,
        1,
        null,
        1,
        1,
        null,
        null
      ],
      "/Users/meredithunderell/CodeFellows/ticketee/app/controllers/tickets_controller.rb": [
        1,
        null,
        1,
        1,
        1,
        1,
        1,
        1,
        null,
        1,
        4,
        null,
        null,
        1,
        4,
        4,
        4,
        2,
        2,
        null,
        2,
        2,
        null,
        null,
        null,
        1,
        null,
        null,
        null,
        1,
        null,
        null,
        null,
        1,
        3,
        2,
        2,
        null,
        1,
        1,
        null,
        null,
        null,
        1,
        2,
        2,
        2,
        null,
        null,
        1,
        null,
        1,
        38,
        null,
        1,
        1,
        null,
        null,
        1,
        27,
        null,
        null,
        1,
        10,
        2,
        2,
        null,
        null,
        null,
        1,
        8,
        2,
        2,
        null,
        null,
        null,
        1,
        3,
        1,
        1,
        null,
        null,
        null,
        null
      ],
      "/Users/meredithunderell/CodeFellows/ticketee/app/models/ticket.rb": [
        1,
        1,
        1,
        1,
        null,
        1,
        1,
        null
      ],
      "/Users/meredithunderell/CodeFellows/ticketee/app/controllers/users_controller.rb": [
        1,
        1,
        null,
        null
      ],
      "/Users/meredithunderell/CodeFellows/ticketee/app/models/ability.rb": [
        1,
        1,
        null,
        1,
        74,
        106,
        null,
        null,
        38,
        38,
        null,
        null,
        null,
        null
      ]
    },
    "timestamp": 1374457145
  }
}
